<?xml version="1.0" encoding="UTF-8"?>
<!-- Generated by org.testng.reporters.JUnitXMLReporter -->
<testsuite hostname="barshamahesh" ignored="0" name="Default test" tests="2" failures="1" timestamp="2022-09-18T03:28:24 GST" time="20.166" errors="0">
  <testcase name="runScenario" time="17.104" classname="io.cucumber.testng.AbstractTestNGCucumberTests"/>
  <testcase name="runScenario" time="2.934" classname="io.cucumber.testng.AbstractTestNGCucumberTests">
    <failure type="java.lang.NullPointerException">
      <![CDATA[java.lang.NullPointerException
at org.openqa.selenium.support.pagefactory.DefaultElementLocator.findElement(DefaultElementLocator.java:70)
at org.openqa.selenium.support.pagefactory.internal.LocatingElementHandler.invoke(LocatingElementHandler.java:39)
at com.sun.proxy.$Proxy25.sendKeys(Unknown Source)
at com.bdd.pageObject.facebookloginPage.SetUserName(facebookloginPage.java:33)
at com.bdd.steps.facebookloginsteps.enter_email_with_and_enter_password_with(facebookloginsteps.java:27)
at ✽.enter email with "barsaranimazumdar@gmail.com"  and enter password with "Secondhome@2022"(file:///C:/Users/user/eclipse-workspace/TestNGCucumber/src/test/resources/features/loginfacebook.feature:7)
]]>
    </failure>
  </testcase> <!-- runScenario -->
</testsuite> <!-- Default test -->
