<?xml version="1.0" encoding="UTF-8"?>
<testng-results skipped="0" failed="1" ignored="0" total="2" passed="1">
  <reporter-output>
  </reporter-output>
  <suite name="Default suite" duration-ms="20166" started-at="2022-09-18T03:28:03 GST" finished-at="2022-09-18T03:28:24 GST">
    <groups>
      <group name="cucumber">
        <method signature="AbstractTestNGCucumberTests.runScenario(io.cucumber.testng.PickleWrapper,io.cucumber.testng.FeatureWrapper)[pri:0, instance:com.bdd.runner.TestRunner@15d49048]" name="runScenario" class="io.cucumber.testng.AbstractTestNGCucumberTests"/>
      </group> <!-- cucumber -->
    </groups>
    <test name="Default test" duration-ms="20166" started-at="2022-09-18T03:28:03 GST" finished-at="2022-09-18T03:28:24 GST">
      <class name="com.bdd.runner.TestRunner">
        <test-method status="PASS" signature="setUpClass(org.testng.ITestContext)[pri:0, instance:com.bdd.runner.TestRunner@15d49048]" name="setUpClass" is-config="true" duration-ms="30" started-at="2022-09-18T03:28:03 GST" finished-at="2022-09-18T03:28:03 GST">
          <params>
            <param index="0">
              <value>
                <![CDATA[org.testng.TestRunner@3e6534e7]]>
              </value>
            </param>
          </params>
          <reporter-output>
          </reporter-output>
        </test-method> <!-- setUpClass -->
        <test-method status="PASS" signature="runScenario(io.cucumber.testng.PickleWrapper,io.cucumber.testng.FeatureWrapper)[pri:0, instance:com.bdd.runner.TestRunner@15d49048]" name="runScenario" duration-ms="17104" started-at="2022-09-18T03:28:03 GST" description="Runs Cucumber Scenarios" data-provider="scenarios" finished-at="2022-09-18T03:28:21 GST">
          <params>
            <param index="0">
              <value>
                <![CDATA["Resource tab test link"]]>
              </value>
            </param>
            <param index="1">
              <value>
                <![CDATA["Demo1 features"]]>
              </value>
            </param>
          </params>
          <reporter-output>
          </reporter-output>
        </test-method> <!-- runScenario -->
        <test-method status="FAIL" signature="runScenario(io.cucumber.testng.PickleWrapper,io.cucumber.testng.FeatureWrapper)[pri:0, instance:com.bdd.runner.TestRunner@15d49048]" name="runScenario" duration-ms="2934" started-at="2022-09-18T03:28:21 GST" description="Runs Cucumber Scenarios" data-provider="scenarios" finished-at="2022-09-18T03:28:24 GST">
          <params>
            <param index="0">
              <value>
                <![CDATA["Login Validation"]]>
              </value>
            </param>
            <param index="1">
              <value>
                <![CDATA["Login to my Facebook page"]]>
              </value>
            </param>
          </params>
          <exception class="java.lang.NullPointerException">
            <full-stacktrace>
              <![CDATA[java.lang.NullPointerException
at org.openqa.selenium.support.pagefactory.DefaultElementLocator.findElement(DefaultElementLocator.java:70)
at org.openqa.selenium.support.pagefactory.internal.LocatingElementHandler.invoke(LocatingElementHandler.java:39)
at com.sun.proxy.$Proxy25.sendKeys(Unknown Source)
at com.bdd.pageObject.facebookloginPage.SetUserName(facebookloginPage.java:33)
at com.bdd.steps.facebookloginsteps.enter_email_with_and_enter_password_with(facebookloginsteps.java:27)
at ✽.enter email with "barsaranimazumdar@gmail.com"  and enter password with "Secondhome@2022"(file:///C:/Users/user/eclipse-workspace/TestNGCucumber/src/test/resources/features/loginfacebook.feature:7)
]]>
            </full-stacktrace>
          </exception> <!-- java.lang.NullPointerException -->
          <reporter-output>
          </reporter-output>
        </test-method> <!-- runScenario -->
        <test-method status="PASS" signature="tearDownClass()[pri:0, instance:com.bdd.runner.TestRunner@15d49048]" name="tearDownClass" is-config="true" duration-ms="66" started-at="2022-09-18T03:28:24 GST" finished-at="2022-09-18T03:28:24 GST">
          <reporter-output>
          </reporter-output>
        </test-method> <!-- tearDownClass -->
      </class> <!-- com.bdd.runner.TestRunner -->
    </test> <!-- Default test -->
  </suite> <!-- Default suite -->
</testng-results>
