<?xml version="1.0" encoding="UTF-8"?>
<!-- Generated by org.testng.reporters.JUnitReportReporter -->
<testsuite skipped="0" hostname="barshamahesh" name="com.bdd.runner.TestRunner" tests="2" failures="0" timestamp="2022-09-18T03:28:24 GST" time="20.038" errors="1">
  <testcase name="runScenario" time="2.934" classname="com.bdd.runner.TestRunner">
    <error type="java.lang.NullPointerException">
      <![CDATA[java.lang.NullPointerException
at org.openqa.selenium.support.pagefactory.DefaultElementLocator.findElement(DefaultElementLocator.java:70)
at org.openqa.selenium.support.pagefactory.internal.LocatingElementHandler.invoke(LocatingElementHandler.java:39)
at com.sun.proxy.$Proxy25.sendKeys(Unknown Source)
at com.bdd.pageObject.facebookloginPage.SetUserName(facebookloginPage.java:33)
at com.bdd.steps.facebookloginsteps.enter_email_with_and_enter_password_with(facebookloginsteps.java:27)
at ✽.enter email with "barsaranimazumdar@gmail.com"  and enter password with "Secondhome@2022"(file:///C:/Users/user/eclipse-workspace/TestNGCucumber/src/test/resources/features/loginfacebook.feature:7)
]]>
    </error>
  </testcase> <!-- runScenario -->
  <system-out/>
  <testcase name="runScenario" time="17.104" classname="com.bdd.runner.TestRunner"/>
  <system-out/>
</testsuite> <!-- com.bdd.runner.TestRunner -->
